Using pre-set license
Built from '2021.3/staging' branch; Version is '2021.3.14f1 (eee1884e7226) revision 15655304'; Using compiler version '192829333'; Build Type 'Release'
OS: 'Windows 11  (10.0.22621) 64bit Core' Language: 'en' Physical Memory: 32514 MB
BatchMode: 1, IsHumanControllingUs: 0, StartBugReporterOnCrash: 0, Is64bit: 1, IsPro: 1

COMMAND LINE ARGUMENTS:
C:\Program Files\Unity\Hub\Editor\2021.3.14f1\Editor\Unity.exe
-adb2
-batchMode
-noUpm
-name
AssetImportWorker3
-projectPath
C:/Users/dimit/Dropbox/Documents/Unity/UoL/CM3025 VR Project
-logFile
Logs/AssetImportWorker3.log
-srvPort
53110
Successfully changed project path to: C:/Users/dimit/Dropbox/Documents/Unity/UoL/CM3025 VR Project
C:/Users/dimit/Dropbox/Documents/Unity/UoL/CM3025 VR Project
[UnityMemory] Configuration Parameters - Can be set up in boot.config
    "memorysetup-bucket-allocator-granularity=16"
    "memorysetup-bucket-allocator-bucket-count=8"
    "memorysetup-bucket-allocator-block-size=33554432"
    "memorysetup-bucket-allocator-block-count=8"
    "memorysetup-main-allocator-block-size=16777216"
    "memorysetup-thread-allocator-block-size=16777216"
    "memorysetup-gfx-main-allocator-block-size=16777216"
    "memorysetup-gfx-thread-allocator-block-size=16777216"
    "memorysetup-cache-allocator-block-size=4194304"
    "memorysetup-typetree-allocator-block-size=2097152"
    "memorysetup-profiler-bucket-allocator-granularity=16"
    "memorysetup-profiler-bucket-allocator-bucket-count=8"
    "memorysetup-profiler-bucket-allocator-block-size=33554432"
    "memorysetup-profiler-bucket-allocator-block-count=8"
    "memorysetup-profiler-allocator-block-size=16777216"
    "memorysetup-profiler-editor-allocator-block-size=1048576"
    "memorysetup-temp-allocator-size-main=16777216"
    "memorysetup-job-temp-allocator-block-size=2097152"
    "memorysetup-job-temp-allocator-block-size-background=1048576"
    "memorysetup-job-temp-allocator-reduction-small-platforms=262144"
    "memorysetup-temp-allocator-size-background-worker=32768"
    "memorysetup-temp-allocator-size-job-worker=262144"
    "memorysetup-temp-allocator-size-preload-manager=33554432"
    "memorysetup-temp-allocator-size-nav-mesh-worker=65536"
    "memorysetup-temp-allocator-size-audio-worker=65536"
    "memorysetup-temp-allocator-size-cloud-worker=32768"
    "memorysetup-temp-allocator-size-gi-baking-worker=262144"
    "memorysetup-temp-allocator-size-gfx=262144"
Refreshing native plugins compatible for Editor in 135.37 ms, found 12 plugins.
Preloading 1 native plugins for Editor in 0.64 ms.
Initialize engine version: 2021.3.14f1 (eee1884e7226)
[Subsystems] Discovering subsystems at path C:/Program Files/Unity/Hub/Editor/2021.3.14f1/Editor/Data/Resources/UnitySubsystems
[Subsystems] Discovering subsystems at path C:/Users/dimit/Dropbox/Documents/Unity/UoL/CM3025 VR Project/Assets
GfxDevice: creating device client; threaded=0; jobified=0
Direct3D:
    Version:  Direct3D 11.0 [level 11.1]
    Renderer: NVIDIA GeForce RTX 3060 Laptop GPU (ID=0x2560)
    Vendor:   NVIDIA
    VRAM:     6009 MB
    Driver:   31.0.15.2824
Initialize mono
Mono path[0] = 'C:/Program Files/Unity/Hub/Editor/2021.3.14f1/Editor/Data/Managed'
Mono path[1] = 'C:/Program Files/Unity/Hub/Editor/2021.3.14f1/Editor/Data/MonoBleedingEdge/lib/mono/unityjit-win32'
Mono config path = 'C:/Program Files/Unity/Hub/Editor/2021.3.14f1/Editor/Data/MonoBleedingEdge/etc'
Using monoOptions --debugger-agent=transport=dt_socket,embedding=1,server=y,suspend=n,address=127.0.0.1:56148
Begin MonoManager ReloadAssembly
Registering precompiled unity dll's ...
Register platform support module: C:/Program Files/Unity/Hub/Editor/2021.3.14f1/Editor/Data/PlaybackEngines/AndroidPlayer/UnityEditor.Android.Extensions.dll
Register platform support module: C:/Program Files/Unity/Hub/Editor/2021.3.14f1/Editor/Data/PlaybackEngines/WindowsStandaloneSupport/UnityEditor.WindowsStandalone.Extensions.dll
Registered in 0.010585 seconds.
Native extension for WindowsStandalone target not found
Native extension for Android target not found
Refreshing native plugins compatible for Editor in 118.56 ms, found 12 plugins.
Preloading 1 native plugins for Editor in 0.32 ms.
Mono: successfully reloaded assembly
- Completed reload, in  0.721 seconds
Domain Reload Profiling:
	ReloadAssembly (721ms)
		BeginReloadAssembly (82ms)
			ExecutionOrderSort (0ms)
			DisableScriptedObjects (0ms)
			BackupInstance (0ms)
			ReleaseScriptingObjects (0ms)
			CreateAndSetChildDomain (1ms)
		EndReloadAssembly (516ms)
			LoadAssemblies (79ms)
			RebuildTransferFunctionScriptingTraits (0ms)
			SetupTypeCache (122ms)
			ReleaseScriptCaches (0ms)
			RebuildScriptCaches (29ms)
			SetupLoadedEditorAssemblies (305ms)
				LogAssemblyErrors (0ms)
				InitializePlatformSupportModulesInManaged (53ms)
				SetLoadedEditorAssemblies (0ms)
				RefreshPlugins (119ms)
				BeforeProcessingInitializeOnLoad (1ms)
				ProcessInitializeOnLoadAttributes (92ms)
				ProcessInitializeOnLoadMethodAttributes (40ms)
				AfterProcessingInitializeOnLoad (0ms)
				EditorAssembliesLoaded (0ms)
			ExecutionOrderSort2 (0ms)
			AwakeInstancesAfterBackupRestoration (0ms)
Platform modules already initialized, skipping
Registering precompiled user dll's ...
Registered in 0.016762 seconds.
Begin MonoManager ReloadAssembly
Symbol file LoadedFromMemory doesn't match image C:\Users\dimit\Dropbox\Documents\Unity\UoL\CM3025 VR Project\Library\PackageCache\com.unity.visualscripting@1.7.8\Editor\VisualScripting.Core\Dependencies\DotNetZip\Unity.VisualScripting.IonicZip.dll
Symbol file LoadedFromMemory doesn't match image C:\Users\dimit\Dropbox\Documents\Unity\UoL\CM3025 VR Project\Library\PackageCache\com.unity.visualscripting@1.7.8\Editor\VisualScripting.Core\Dependencies\YamlDotNet\Unity.VisualScripting.YamlDotNet.dll
Native extension for WindowsStandalone target not found
Native extension for Android target not found
Refreshing native plugins compatible for Editor in 125.88 ms, found 12 plugins.
Preloading 1 native plugins for Editor in 0.09 ms.
Package Manager log level set to [2]
System.Reflection.TargetInvocationException: Exception has been thrown by the target of an invocation. ---> System.NullReferenceException: Object reference not set to an instance of an object
  at Unity.XR.Oculus.OculusLoader.AssetPathToAbsolutePath (System.String assetPath) [0x0003d] in C:\Users\dimit\Dropbox\Documents\Unity\UoL\CM3025 VR Project\Library\PackageCache\com.unity.xr.oculus@3.2.2\Runtime\OculusLoader.cs:296 
  at Unity.XR.Oculus.OculusLoader.EditorLoadOVRPlugin () [0x0007b] in C:\Users\dimit\Dropbox\Documents\Unity\UoL\CM3025 VR Project\Library\PackageCache\com.unity.xr.oculus@3.2.2\Runtime\OculusLoader.cs:281 
  at (wrapper managed-to-native) System.Reflection.RuntimeMethodInfo.InternalInvoke(System.Reflection.RuntimeMethodInfo,object,object[],System.Exception&)
  at System.Reflection.RuntimeMethodInfo.Invoke (System.Object obj, System.Reflection.BindingFlags invokeAttr, System.Reflection.Binder binder, System.Object[] parameters, System.Globalization.CultureInfo culture) [0x0006a] in <d6232873609549b8a045fa15811a5bd3>:0 
   --- End of inner exception stack trace ---
  at System.Reflection.RuntimeMethodInfo.Invoke (System.Object obj, System.Reflection.BindingFlags invokeAttr, System.Reflection.Binder binder, System.Object[] parameters, System.Globalization.CultureInfo culture) [0x00083] in <d6232873609549b8a045fa15811a5bd3>:0 
  at System.Reflection.MethodBase.Invoke (System.Object obj, System.Object[] parameters) [0x00000] in <d6232873609549b8a045fa15811a5bd3>:0 
  at UnityEditor.EditorAssemblies.ProcessInitializeOnLoadMethodAttributes () [0x000a5] in <6a5b55f2e18b419e9faedac06ac6af94>:0 
UnityEngine.StackTraceUtility:ExtractStackTrace ()
UnityEngine.DebugLogHandler:LogFormat (UnityEngine.LogType,UnityEngine.Object,string,object[])
UnityEngine.Logger:Log (UnityEngine.LogType,object)
UnityEngine.Debug:LogError (object)
UnityEditor.EditorAssemblies:ProcessInitializeOnLoadMethodAttributes ()

Mono: successfully reloaded assembly
- Completed reload, in  1.622 seconds
Domain Reload Profiling:
	ReloadAssembly (1622ms)
		BeginReloadAssembly (209ms)
			ExecutionOrderSort (0ms)
			DisableScriptedObjects (4ms)
			BackupInstance (0ms)
			ReleaseScriptingObjects (0ms)
			CreateAndSetChildDomain (133ms)
		EndReloadAssembly (1280ms)
			LoadAssemblies (102ms)
			RebuildTransferFunctionScriptingTraits (0ms)
			SetupTypeCache (333ms)
			ReleaseScriptCaches (2ms)
			RebuildScriptCaches (70ms)
			SetupLoadedEditorAssemblies (713ms)
				LogAssemblyErrors (0ms)
				InitializePlatformSupportModulesInManaged (14ms)
				SetLoadedEditorAssemblies (0ms)
				RefreshPlugins (126ms)
				BeforeProcessingInitializeOnLoad (136ms)
				ProcessInitializeOnLoadAttributes (338ms)
				ProcessInitializeOnLoadMethodAttributes (92ms)
				AfterProcessingInitializeOnLoad (7ms)
				EditorAssembliesLoaded (0ms)
			ExecutionOrderSort2 (0ms)
			AwakeInstancesAfterBackupRestoration (5ms)
Platform modules already initialized, skipping
========================================================================
Worker process is ready to serve import requests
Launched and connected shader compiler UnityShaderCompiler.exe after 0.04 seconds
Refreshing native plugins compatible for Editor in 1.46 ms, found 12 plugins.
Preloading 1 native plugins for Editor in 0.15 ms.
Unloading 5932 Unused Serialized files (Serialized files now loaded: 0)
Unloading 61 unused Assets / (0.7 MB). Loaded Objects now: 6367.
Memory consumption went from 230.6 MB to 229.9 MB.
Total: 6.175500 ms (FindLiveObjects: 0.591400 ms CreateObjectMapping: 0.396200 ms MarkObjects: 4.702300 ms  DeleteObjects: 0.483000 ms)

AssetImportParameters requested are different than current active one (requested -> active):
  custom:video-decoder-ogg-theora: a1e56fd34408186e4bbccfd4996cb3dc -> 
  custom:container-muxer-webm: aa71ff27fc2769a1b78a27578f13a17b -> 
  custom:container-demuxer-webm: 4f35f7cbe854078d1ac9338744f61a02 -> 
  custom:video-encoder-webm-vp8: eb34c28f22e8b96e1ab97ce403110664 -> 
  custom:video-codec-MediaFoundation-h265: 746d11721c4dcdbdad8f713fa42b33f4 -> 
  custom:audio-encoder-webm-vorbis: bf7c407c2cedff20999df2af8eb42d56 -> 
  custom:framework-win-MediaFoundation: 216162199b28c13a410421893ffa2e32 -> 
  custom:container-demuxer-ogg: 62fdf1f143b41e24485cea50d1cbac27 -> 
  custom:video-decoder-webm-vp8: 9c59270c3fd7afecdb556c50c9e8de78 -> 
  custom:audio-decoder-ogg-vorbis: bf7c407c2cedff20999df2af8eb42d56 -> 
========================================================================
Received Import Request.
  Time since last request: 307338.014166 seconds.
  path: Assets/KitchenScenePbr/Scenes/kitchen_scene/ReflectionProbe-0.exr
  artifactKey: Guid(e810016af0432bd4d8be90dd8887f2ad) Importer(815301076,1909f56bfc062723c751e8b465ee728b)
Start importing Assets/KitchenScenePbr/Scenes/kitchen_scene/ReflectionProbe-0.exr using Guid(e810016af0432bd4d8be90dd8887f2ad) Importer(815301076,1909f56bfc062723c751e8b465ee728b)  -> (artifact id: '08f2b8cf745852b9688c5cbf90f5381f') in 0.250208 seconds 
========================================================================
Received Import Request.
  Time since last request: 8.138396 seconds.
  path: Assets/KitchenScenePbr/Textures/Window/kitchen_Mixed_AO.png
  artifactKey: Guid(4cdd1a77b3180c84d8616da3b8687ee3) Importer(815301076,1909f56bfc062723c751e8b465ee728b)
Start importing Assets/KitchenScenePbr/Textures/Window/kitchen_Mixed_AO.png using Guid(4cdd1a77b3180c84d8616da3b8687ee3) Importer(815301076,1909f56bfc062723c751e8b465ee728b)  -> (artifact id: '710b017c92bde30de91a23cf9445c78e') in 0.023752 seconds 
========================================================================
Received Import Request.
  Time since last request: 0.000030 seconds.
  path: Assets/KitchenScenePbr/Textures/Window/kitchen_Normal.png
  artifactKey: Guid(90b70f45ae9366b4b9731ef8dbe8b626) Importer(815301076,1909f56bfc062723c751e8b465ee728b)
Start importing Assets/KitchenScenePbr/Textures/Window/kitchen_Normal.png using Guid(90b70f45ae9366b4b9731ef8dbe8b626) Importer(815301076,1909f56bfc062723c751e8b465ee728b)  -> (artifact id: '1ce94f12c327d3652729cb6c76a9123f') in 0.019072 seconds 
========================================================================
Received Import Request.
  Time since last request: 4.714986 seconds.
  path: Assets/KitchenScenePbr/Textures/Chair/chair_low_chair_Normal.png
  artifactKey: Guid(44e5cd445b9b6db41b6f7dad9c5df97b) Importer(815301076,1909f56bfc062723c751e8b465ee728b)
Start importing Assets/KitchenScenePbr/Textures/Chair/chair_low_chair_Normal.png using Guid(44e5cd445b9b6db41b6f7dad9c5df97b) Importer(815301076,1909f56bfc062723c751e8b465ee728b)  -> (artifact id: 'b29990d1e620b1afbf3c0152759cd8b0') in 0.032087 seconds 
========================================================================
Received Import Request.
  Time since last request: 3.557011 seconds.
  path: Assets/KitchenScenePbr/Textures/countertop/counter_Roughness.png
  artifactKey: Guid(e712a690000348f42a3b1024dbbe177e) Importer(815301076,1909f56bfc062723c751e8b465ee728b)
Start importing Assets/KitchenScenePbr/Textures/countertop/counter_Roughness.png using Guid(e712a690000348f42a3b1024dbbe177e) Importer(815301076,1909f56bfc062723c751e8b465ee728b)  -> (artifact id: '73012b00e8b31010e321eaf69582784a') in 0.016419 seconds 
========================================================================
Received Import Request.
  Time since last request: 17.316177 seconds.
  path: Assets/Kitchen_Props/Demo/Demo/Lightmap-1_comp_dir.png
  artifactKey: Guid(c43c7691624694484a4fc4483a77e933) Importer(815301076,1909f56bfc062723c751e8b465ee728b)
Start importing Assets/Kitchen_Props/Demo/Demo/Lightmap-1_comp_dir.png using Guid(c43c7691624694484a4fc4483a77e933) Importer(815301076,1909f56bfc062723c751e8b465ee728b)  -> (artifact id: '12bfad66c717ff60605bd9987f93b1dd') in 0.022725 seconds 
========================================================================
Received Import Request.
  Time since last request: 0.000050 seconds.
  path: Assets/Kitchen_Props/Demo/Demo/Lightmap-9_comp_light.exr
  artifactKey: Guid(24b28a344b9c041dba037100d11c96ae) Importer(815301076,1909f56bfc062723c751e8b465ee728b)
Start importing Assets/Kitchen_Props/Demo/Demo/Lightmap-9_comp_light.exr using Guid(24b28a344b9c041dba037100d11c96ae) Importer(815301076,1909f56bfc062723c751e8b465ee728b)  -> (artifact id: '4ed5050d5e2d6720497dfe3be3813ea8') in 0.019636 seconds 
========================================================================
Received Import Request.
  Time since last request: 0.000036 seconds.
  path: Assets/Kitchen_Props/Demo/Demo/Lightmap-23_comp_dir.png
  artifactKey: Guid(1bf31f9228e424374a000a0333910249) Importer(815301076,1909f56bfc062723c751e8b465ee728b)
Start importing Assets/Kitchen_Props/Demo/Demo/Lightmap-23_comp_dir.png using Guid(1bf31f9228e424374a000a0333910249) Importer(815301076,1909f56bfc062723c751e8b465ee728b)  -> (artifact id: '900deff5add940d7c8bacbff7dad8780') in 0.014055 seconds 
========================================================================
Received Import Request.
  Time since last request: 0.000035 seconds.
  path: Assets/Kitchen_Props/Demo/Demo/Lightmap-4_comp_dir.png
  artifactKey: Guid(089fdabc9edfc494094aee8fc23f3821) Importer(815301076,1909f56bfc062723c751e8b465ee728b)
Start importing Assets/Kitchen_Props/Demo/Demo/Lightmap-4_comp_dir.png using Guid(089fdabc9edfc494094aee8fc23f3821) Importer(815301076,1909f56bfc062723c751e8b465ee728b)  -> (artifact id: 'f128197808f12ab799aedaa19d20807a') in 0.016174 seconds 
========================================================================
Received Import Request.
  Time since last request: 0.000040 seconds.
  path: Assets/Kitchen_Props/Demo/Demo/Lightmap-8_comp_dir.png
  artifactKey: Guid(75e87846c924e46beb9013858556e52f) Importer(815301076,1909f56bfc062723c751e8b465ee728b)
Start importing Assets/Kitchen_Props/Demo/Demo/Lightmap-8_comp_dir.png using Guid(75e87846c924e46beb9013858556e52f) Importer(815301076,1909f56bfc062723c751e8b465ee728b)  -> (artifact id: 'fdc4499f853aca88d090690be8e2648e') in 0.017448 seconds 
========================================================================
Received Import Request.
  Time since last request: 0.000047 seconds.
  path: Assets/Kitchen_Props/Demo/Demo/Lightmap-7_comp_dir.png
  artifactKey: Guid(46f8ffe46d4404fe8bea1aaae63e6da1) Importer(815301076,1909f56bfc062723c751e8b465ee728b)
Start importing Assets/Kitchen_Props/Demo/Demo/Lightmap-7_comp_dir.png using Guid(46f8ffe46d4404fe8bea1aaae63e6da1) Importer(815301076,1909f56bfc062723c751e8b465ee728b)  -> (artifact id: '321d7051fc14a4ba1dc0d408097101da') in 0.016280 seconds 
========================================================================
Received Import Request.
  Time since last request: 0.000030 seconds.
  path: Assets/Kitchen_Props/Demo/Demo/Lightmap-19_comp_light.exr
  artifactKey: Guid(c72ee656fd2a4470c9ff0bcfcdcd80d4) Importer(815301076,1909f56bfc062723c751e8b465ee728b)
Start importing Assets/Kitchen_Props/Demo/Demo/Lightmap-19_comp_light.exr using Guid(c72ee656fd2a4470c9ff0bcfcdcd80d4) Importer(815301076,1909f56bfc062723c751e8b465ee728b)  -> (artifact id: 'fd8c728669b30264e27b52ddf6cdbbbf') in 0.015318 seconds 
========================================================================
Received Import Request.
  Time since last request: 0.000049 seconds.
  path: Assets/Kitchen_Props/Demo/Demo/Lightmap-2_comp_dir.png
  artifactKey: Guid(65744b160c33d4c05aaf2d5c28562130) Importer(815301076,1909f56bfc062723c751e8b465ee728b)
Start importing Assets/Kitchen_Props/Demo/Demo/Lightmap-2_comp_dir.png using Guid(65744b160c33d4c05aaf2d5c28562130) Importer(815301076,1909f56bfc062723c751e8b465ee728b)  -> (artifact id: 'aed7a84dc0e495120ebc3f6cca679807') in 0.012180 seconds 
========================================================================
Received Import Request.
  Time since last request: 0.000030 seconds.
  path: Assets/Kitchen_Props/Demo/Demo/Lightmap-4_comp_light.exr
  artifactKey: Guid(3d779b3dfd6bf42a4b414e3979f2a4be) Importer(815301076,1909f56bfc062723c751e8b465ee728b)
Start importing Assets/Kitchen_Props/Demo/Demo/Lightmap-4_comp_light.exr using Guid(3d779b3dfd6bf42a4b414e3979f2a4be) Importer(815301076,1909f56bfc062723c751e8b465ee728b)  -> (artifact id: '2b2ba8727b96c31b4163c2c5b8449c24') in 0.014663 seconds 
========================================================================
Received Import Request.
  Time since last request: 0.000031 seconds.
  path: Assets/Kitchen_Props/Demo/Demo/Lightmap-21_comp_light.exr
  artifactKey: Guid(1ae8557cbaa1e4ea4a59816cdfc4fa6e) Importer(815301076,1909f56bfc062723c751e8b465ee728b)
Start importing Assets/Kitchen_Props/Demo/Demo/Lightmap-21_comp_light.exr using Guid(1ae8557cbaa1e4ea4a59816cdfc4fa6e) Importer(815301076,1909f56bfc062723c751e8b465ee728b)  -> (artifact id: '10623c2ed6c3af83aa16cc7be3af33ed') in 0.013888 seconds 
========================================================================
Received Import Request.
  Time since last request: 0.000036 seconds.
  path: Assets/Kitchen_Props/Demo/Demo/Lightmap-8_comp_light.exr
  artifactKey: Guid(46bff63c7fdc641deb1e9fb7740227ae) Importer(815301076,1909f56bfc062723c751e8b465ee728b)
Start importing Assets/Kitchen_Props/Demo/Demo/Lightmap-8_comp_light.exr using Guid(46bff63c7fdc641deb1e9fb7740227ae) Importer(815301076,1909f56bfc062723c751e8b465ee728b)  -> (artifact id: '490fed725f46a6c8ce03ad4ace541553') in 0.016314 seconds 
========================================================================
Received Import Request.
  Time since last request: 0.000029 seconds.
  path: Assets/Kitchen_Props/Demo/Demo/Lightmap-18_comp_dir.png
  artifactKey: Guid(e3d1bcfb5f4934dd3a86791c84300048) Importer(815301076,1909f56bfc062723c751e8b465ee728b)
Start importing Assets/Kitchen_Props/Demo/Demo/Lightmap-18_comp_dir.png using Guid(e3d1bcfb5f4934dd3a86791c84300048) Importer(815301076,1909f56bfc062723c751e8b465ee728b)  -> (artifact id: '16dd49789581aa8b1b09577a44fe840f') in 0.016217 seconds 
========================================================================
Received Import Request.
  Time since last request: 162.811858 seconds.
  path: Assets/KitchenScenePbr/Textures/frame/DefaultMaterial_Metallic.png
  artifactKey: Guid(bf854588e6bcc454792fad7aa95baed7) Importer(815301076,1909f56bfc062723c751e8b465ee728b)
Start importing Assets/KitchenScenePbr/Textures/frame/DefaultMaterial_Metallic.png using Guid(bf854588e6bcc454792fad7aa95baed7) Importer(815301076,1909f56bfc062723c751e8b465ee728b)  -> (artifact id: 'ca400bb5e5bbf83c120db16e0a5894dd') in 0.020326 seconds 
========================================================================
Received Import Request.
  Time since last request: 0.000039 seconds.
  path: Assets/KitchenScenePbr/Textures/frame/DefaultMaterial_Roughness.png
  artifactKey: Guid(def8f20c4726b8042a7d83877c8fb983) Importer(815301076,1909f56bfc062723c751e8b465ee728b)
Start importing Assets/KitchenScenePbr/Textures/frame/DefaultMaterial_Roughness.png using Guid(def8f20c4726b8042a7d83877c8fb983) Importer(815301076,1909f56bfc062723c751e8b465ee728b)  -> (artifact id: '20fa6c54d62e8b1922dcfa46edfaa40b') in 0.025089 seconds 
========================================================================
Received Import Request.
  Time since last request: 0.000029 seconds.
  path: Assets/KitchenScenePbr/Textures/frame/DefaultMaterial_Normal.png
  artifactKey: Guid(10d09975a38a3364eab1cf59d17750e4) Importer(815301076,1909f56bfc062723c751e8b465ee728b)
Start importing Assets/KitchenScenePbr/Textures/frame/DefaultMaterial_Normal.png using Guid(10d09975a38a3364eab1cf59d17750e4) Importer(815301076,1909f56bfc062723c751e8b465ee728b)  -> (artifact id: 'cfb314acd16d86905775384797dbd417') in 0.031859 seconds 
========================================================================
Received Import Request.
  Time since last request: 12.762980 seconds.
  path: Assets/KitchenScenePbr/Textures/cuttingboard/DefaultMaterial_Mixed_AO.png
  artifactKey: Guid(e06af04d1d9e43d4abaf88a876ed6c84) Importer(815301076,1909f56bfc062723c751e8b465ee728b)
Start importing Assets/KitchenScenePbr/Textures/cuttingboard/DefaultMaterial_Mixed_AO.png using Guid(e06af04d1d9e43d4abaf88a876ed6c84) Importer(815301076,1909f56bfc062723c751e8b465ee728b)  -> (artifact id: '785017d391f2d7e6cf352dc6532789c1') in 0.013345 seconds 
========================================================================
Received Import Request.
  Time since last request: 0.000023 seconds.
  path: Assets/KitchenScenePbr/Textures/cuttingboard/DefaultMaterial_Normal_DirectX.png
  artifactKey: Guid(83bc34ab1cad21f4a9317b663f0c0b87) Importer(815301076,1909f56bfc062723c751e8b465ee728b)
Start importing Assets/KitchenScenePbr/Textures/cuttingboard/DefaultMaterial_Normal_DirectX.png using Guid(83bc34ab1cad21f4a9317b663f0c0b87) Importer(815301076,1909f56bfc062723c751e8b465ee728b)  -> (artifact id: '6f0c17626312e95e0c6dea6ad475d150') in 0.047701 seconds 
========================================================================
Received Import Request.
  Time since last request: 0.314143 seconds.
  path: Assets/KitchenScenePbr/Textures/doorhandle/doorhandle_DefaultMaterial_Metallic.png
  artifactKey: Guid(28624976824bedb4394d55d47e7718e5) Importer(815301076,1909f56bfc062723c751e8b465ee728b)
Start importing Assets/KitchenScenePbr/Textures/doorhandle/doorhandle_DefaultMaterial_Metallic.png using Guid(28624976824bedb4394d55d47e7718e5) Importer(815301076,1909f56bfc062723c751e8b465ee728b)  -> (artifact id: 'fb58916e8f718ce54facda96298c0957') in 0.014017 seconds 
